31|71
108|129
133|224
237|381
404|416
431|439
453|628
689|1042
1107|1209
1280|1317
1369|1462
1467|1488
1496|1525
1547|1667
1680|1867
1873|2251
1876|2035
2288|2322
2326|2411
2451|2506
2538|2726
2724|2776
2795|2894
2925|3033
3037|3949
3037|3273
3987|3990
4013|4073
4105|4205
4227|4327
4254|4421
4447|4450
4486|4489
4561|4570
4618|4713
4714|4751
4753|4763
4769|4838
4856|4886
4933|5037
5044|5261
5272|5332
5344|5501
5604|5746
5776|5822
5838|5857
5876|5894
5902|6308
6310|6343
6402|6605
6610|6642
6667|6736
6745|7068
7070|7197
7198|7249
7251|7462
7493|7505
7585|7594
7599|7814
7868|7884
7890|8246
8275|8281
8301|8474
8301|8446
8478|8740
8771|8812
8826|8898
8899|8949
9112|9125
9190|9253
9255|9342
9352|9440
9464|9745
9863|9962
9978|10053
10099|10176
10187|10335
10408|10505
10528|10546
10631|10704
10709|10808
10825|11210
11216|11275
11282|11342
11420|11422
11502|11602
11619|11645
11689|11775
11819|11945
12002|12244
12251|12342
12346|12493
12346|12531
12577|12687
12719|12767
12848|12923
12949|13249
13325|13402
13413|13512
13551|13705
13716|13801
13857|13887
13896|14077
13902|14152
14157|14472
14507|14559
14588|14667
14669|14741
14744|14849
14851|14869
14909|15014
15007|15069
15095|15134
15143|15250
15194|15480
15488|15635
15492|15712
15742|15831
15879|15931
15940|16026
16068|16108
16173|16190
16208|16216
16256|16438
16483|16485
16488|16580
16584|16593
16633|16728
16741|16767
16812|16836
16837|16952
16969|17233
16979|17130
17277|17365
17387|17601
17631|17695
17750|18016
18041|18205
18238|18336
18366|18522
18524|18617
18658|18734
18740|18760
18769|19005
19021|19201
19213|19422
19429|19518
19429|19518
19525|19938
19954|19974
19990|20171
19990|20135
20172|20196
20209|20263
20286|20289
20293|20329
20364|20558
20574|20682
20734|20822
20887|20950
20999|21127
21199|21236
21265|21289
21292|21391
21426|21819
21871|22190
21897|22026
22199|22283
22303|22568
22303|22544
22578|22678
22702|22776
22822|23008
23062|23087
23147|23308
23172|23312
23321|23339
23353|23455
23472|23565
23680|23690
23693|23700
23724|23728
23749|23750
23774|24028
23826|23983
24053|24149
24151|24248
24275|24278
24280|24320
24321|24322
24344|24658
24728|24791
24798|24846
24814|25062
25142|25472
25479|25718
25801|26065
26085|26102
26107|26396
26439|26440
26546|26658
26735|26799
26838|27100
27103|27127
27197|27253
27259|27357
27384|27411
27416|27463
27480|27547
27567|27576
27640|27663
27688|27896
27932|27953
28081|28127
28146|28239
28309|28516
28530|28657
28834|28923
28928|29107
29171|29235
29238|29315
29335|29352
29536|29630
29679|29701
29725|29828
29838|29858
29887|29991
29897|30068
30116|30168
30184|30194
30252|30332
30357|30471
30479|30557
30617|30723
30741|30910
30920|30971
31031|31039
31081|31327
31355|31421
31470|31618
31685|31838
31842|31990
912 714
